{"C:\\Applic\\Server\\DBNode-4.0.0-beta-3\\htdocs\\__Projects\\utilities\\submodules\\xassist-object\\dist\\xAssist-object.js":{"path":"C:\\Applic\\Server\\DBNode-4.0.0-beta-3\\htdocs\\__Projects\\utilities\\submodules\\xassist-object\\dist\\xAssist-object.js","s":{"1":1,"2":1,"3":1,"4":9,"5":1,"6":13,"7":1,"8":13,"9":4,"10":9,"11":5,"12":4,"13":3,"14":1,"15":1,"16":1,"17":1,"18":1,"19":0,"20":0,"21":0,"22":0,"23":0,"24":0,"25":0,"26":0,"27":0,"28":0,"29":0,"30":0,"31":0,"32":1,"33":3,"34":1,"35":2,"36":1,"37":1,"38":1,"39":3,"40":3,"41":2,"42":4,"43":3,"44":1,"45":1,"46":5,"47":1,"48":2,"49":1,"50":17,"51":13,"52":2,"53":1,"54":1,"55":4,"56":1,"57":1,"58":4,"59":1,"60":2,"61":1,"62":2,"63":8,"64":1,"65":2,"66":1,"67":2,"68":2,"69":8,"70":2,"71":9,"72":1,"73":1},"b":{"1":[1,0],"2":[1,1],"3":[0,0],"4":[0,0],"5":[0,0],"6":[4,9],"7":[5,4],"8":[3,1],"9":[1,0],"10":[1,1],"11":[0,0],"12":[0,0],"13":[0,0],"14":[0,0],"15":[1,2],"16":[1,1],"17":[2,1],"18":[3,1],"19":[1,1],"20":[13,4],"21":[1,1],"22":[1,1]},"f":{"1":1,"2":1,"3":9,"4":13,"5":13,"6":1,"7":0,"8":0,"9":3,"10":5,"11":2,"12":17,"13":1,"14":4,"15":1,"16":4,"17":2,"18":8,"19":2,"20":8},"fnMap":{"1":{"name":"(anonymous_1)","line":4,"loc":{"start":{"line":4,"column":1},"end":{"line":4,"column":28}}},"2":{"name":"(anonymous_2)","line":8,"loc":{"start":{"line":8,"column":9},"end":{"line":8,"column":28}}},"3":{"name":"object","line":10,"loc":{"start":{"line":10,"column":0},"end":{"line":10,"column":20}}},"4":{"name":"_getType","line":12,"loc":{"start":{"line":12,"column":1},"end":{"line":12,"column":25}}},"5":{"name":"_transformType","line":14,"loc":{"start":{"line":14,"column":3},"end":{"line":14,"column":38}}},"6":{"name":"onChange","line":25,"loc":{"start":{"line":25,"column":3},"end":{"line":25,"column":36}}},"7":{"name":"(anonymous_7)","line":41,"loc":{"start":{"line":41,"column":8},"end":{"line":41,"column":23}}},"8":{"name":"(anonymous_8)","line":50,"loc":{"start":{"line":50,"column":8},"end":{"line":50,"column":18}}},"9":{"name":"assign","line":55,"loc":{"start":{"line":55,"column":3},"end":{"line":55,"column":28}}},"10":{"name":"clone","line":76,"loc":{"start":{"line":76,"column":1},"end":{"line":76,"column":17}}},"11":{"name":"mergeUnique","line":77,"loc":{"start":{"line":77,"column":1},"end":{"line":77,"column":29}}},"12":{"name":"(anonymous_12)","line":81,"loc":{"start":{"line":81,"column":28},"end":{"line":81,"column":47}}},"13":{"name":"toArray","line":89,"loc":{"start":{"line":89,"column":1},"end":{"line":89,"column":19}}},"14":{"name":"(anonymous_14)","line":90,"loc":{"start":{"line":90,"column":30},"end":{"line":90,"column":53}}},"15":{"name":"toMapArray","line":94,"loc":{"start":{"line":94,"column":1},"end":{"line":94,"column":22}}},"16":{"name":"(anonymous_16)","line":95,"loc":{"start":{"line":95,"column":30},"end":{"line":95,"column":53}}},"17":{"name":"forEach","line":99,"loc":{"start":{"line":99,"column":1},"end":{"line":99,"column":29}}},"18":{"name":"(anonymous_18)","line":103,"loc":{"start":{"line":103,"column":34},"end":{"line":103,"column":57}}},"19":{"name":"map","line":107,"loc":{"start":{"line":107,"column":1},"end":{"line":107,"column":25}}},"20":{"name":"(anonymous_20)","line":112,"loc":{"start":{"line":112,"column":27},"end":{"line":112,"column":50}}}},"statementMap":{"1":{"start":{"line":4,"column":0},"end":{"line":133,"column":5}},"2":{"start":{"line":5,"column":1},"end":{"line":7,"column":42}},"3":{"start":{"line":10,"column":0},"end":{"line":127,"column":1}},"4":{"start":{"line":11,"column":1},"end":{"line":11,"column":20}},"5":{"start":{"line":12,"column":1},"end":{"line":14,"column":2}},"6":{"start":{"line":13,"column":2},"end":{"line":13,"column":22}},"7":{"start":{"line":14,"column":3},"end":{"line":25,"column":2}},"8":{"start":{"line":15,"column":2},"end":{"line":17,"column":3}},"9":{"start":{"line":16,"column":3},"end":{"line":16,"column":18}},"10":{"start":{"line":18,"column":2},"end":{"line":20,"column":3}},"11":{"start":{"line":19,"column":3},"end":{"line":19,"column":24}},"12":{"start":{"line":21,"column":2},"end":{"line":23,"column":3}},"13":{"start":{"line":22,"column":3},"end":{"line":22,"column":24}},"14":{"start":{"line":24,"column":2},"end":{"line":24,"column":15}},"15":{"start":{"line":25,"column":3},"end":{"line":55,"column":2}},"16":{"start":{"line":26,"column":2},"end":{"line":26,"column":21}},"17":{"start":{"line":26,"column":23},"end":{"line":28,"column":3}},"18":{"start":{"line":27,"column":3},"end":{"line":27,"column":60}},"19":{"start":{"line":29,"column":2},"end":{"line":36,"column":3}},"20":{"start":{"line":30,"column":3},"end":{"line":34,"column":5}},"21":{"start":{"line":35,"column":3},"end":{"line":35,"column":17}},"22":{"start":{"line":37,"column":2},"end":{"line":37,"column":37}},"23":{"start":{"line":38,"column":2},"end":{"line":38,"column":41}},"24":{"start":{"line":39,"column":2},"end":{"line":54,"column":3}},"25":{"start":{"line":40,"column":3},"end":{"line":53,"column":6}},"26":{"start":{"line":42,"column":5},"end":{"line":42,"column":48}},"27":{"start":{"line":43,"column":5},"end":{"line":43,"column":41}},"28":{"start":{"line":44,"column":5},"end":{"line":48,"column":6}},"29":{"start":{"line":45,"column":6},"end":{"line":47,"column":7}},"30":{"start":{"line":46,"column":7},"end":{"line":46,"column":101}},"31":{"start":{"line":51,"column":5},"end":{"line":51,"column":42}},"32":{"start":{"line":55,"column":3},"end":{"line":75,"column":2}},"33":{"start":{"line":56,"column":2},"end":{"line":58,"column":3}},"34":{"start":{"line":57,"column":3},"end":{"line":57,"column":88}},"35":{"start":{"line":59,"column":2},"end":{"line":61,"column":3}},"36":{"start":{"line":60,"column":3},"end":{"line":60,"column":69}},"37":{"start":{"line":62,"column":2},"end":{"line":62,"column":23}},"38":{"start":{"line":63,"column":2},"end":{"line":73,"column":3}},"39":{"start":{"line":64,"column":3},"end":{"line":64,"column":37}},"40":{"start":{"line":65,"column":3},"end":{"line":72,"column":4}},"41":{"start":{"line":66,"column":4},"end":{"line":71,"column":5}},"42":{"start":{"line":68,"column":5},"end":{"line":70,"column":6}},"43":{"start":{"line":69,"column":6},"end":{"line":69,"column":40}},"44":{"start":{"line":74,"column":2},"end":{"line":74,"column":12}},"45":{"start":{"line":76,"column":1},"end":{"line":76,"column":60}},"46":{"start":{"line":76,"column":18},"end":{"line":76,"column":59}},"47":{"start":{"line":77,"column":1},"end":{"line":88,"column":2}},"48":{"start":{"line":80,"column":2},"end":{"line":86,"column":3}},"49":{"start":{"line":81,"column":3},"end":{"line":85,"column":6}},"50":{"start":{"line":82,"column":4},"end":{"line":84,"column":5}},"51":{"start":{"line":83,"column":5},"end":{"line":83,"column":81}},"52":{"start":{"line":87,"column":2},"end":{"line":87,"column":13}},"53":{"start":{"line":89,"column":1},"end":{"line":93,"column":2}},"54":{"start":{"line":90,"column":2},"end":{"line":92,"column":5}},"55":{"start":{"line":91,"column":3},"end":{"line":91,"column":29}},"56":{"start":{"line":94,"column":1},"end":{"line":98,"column":2}},"57":{"start":{"line":95,"column":2},"end":{"line":97,"column":5}},"58":{"start":{"line":96,"column":3},"end":{"line":96,"column":45}},"59":{"start":{"line":99,"column":1},"end":{"line":106,"column":2}},"60":{"start":{"line":100,"column":2},"end":{"line":102,"column":3}},"61":{"start":{"line":101,"column":3},"end":{"line":101,"column":15}},"62":{"start":{"line":103,"column":2},"end":{"line":105,"column":13}},"63":{"start":{"line":104,"column":3},"end":{"line":104,"column":60}},"64":{"start":{"line":107,"column":1},"end":{"line":116,"column":2}},"65":{"start":{"line":108,"column":2},"end":{"line":110,"column":3}},"66":{"start":{"line":109,"column":3},"end":{"line":109,"column":15}},"67":{"start":{"line":111,"column":2},"end":{"line":111,"column":19}},"68":{"start":{"line":112,"column":2},"end":{"line":114,"column":13}},"69":{"start":{"line":113,"column":3},"end":{"line":113,"column":85}},"70":{"start":{"line":115,"column":2},"end":{"line":115,"column":19}},"71":{"start":{"line":117,"column":1},"end":{"line":126,"column":2}},"72":{"start":{"line":129,"column":0},"end":{"line":129,"column":24}},"73":{"start":{"line":131,"column":0},"end":{"line":131,"column":62}}},"branchMap":{"1":{"line":5,"type":"cond-expr","locations":[{"start":{"line":5,"column":64},"end":{"line":5,"column":80}},{"start":{"line":6,"column":1},"end":{"line":7,"column":41}}]},"2":{"line":5,"type":"binary-expr","locations":[{"start":{"line":5,"column":1},"end":{"line":5,"column":28}},{"start":{"line":5,"column":32},"end":{"line":5,"column":61}}]},"3":{"line":6,"type":"cond-expr","locations":[{"start":{"line":6,"column":46},"end":{"line":6,"column":74}},{"start":{"line":7,"column":2},"end":{"line":7,"column":40}}]},"4":{"line":6,"type":"binary-expr","locations":[{"start":{"line":6,"column":1},"end":{"line":6,"column":29}},{"start":{"line":6,"column":33},"end":{"line":6,"column":43}}]},"5":{"line":7,"type":"binary-expr","locations":[{"start":{"line":7,"column":23},"end":{"line":7,"column":32}},{"start":{"line":7,"column":36},"end":{"line":7,"column":38}}]},"6":{"line":15,"type":"if","locations":[{"start":{"line":15,"column":2},"end":{"line":15,"column":2}},{"start":{"line":15,"column":2},"end":{"line":15,"column":2}}]},"7":{"line":18,"type":"if","locations":[{"start":{"line":18,"column":2},"end":{"line":18,"column":2}},{"start":{"line":18,"column":2},"end":{"line":18,"column":2}}]},"8":{"line":21,"type":"if","locations":[{"start":{"line":21,"column":2},"end":{"line":21,"column":2}},{"start":{"line":21,"column":2},"end":{"line":21,"column":2}}]},"9":{"line":26,"type":"if","locations":[{"start":{"line":26,"column":23},"end":{"line":26,"column":23}},{"start":{"line":26,"column":23},"end":{"line":26,"column":23}}]},"10":{"line":26,"type":"binary-expr","locations":[{"start":{"line":26,"column":26},"end":{"line":26,"column":30}},{"start":{"line":26,"column":34},"end":{"line":26,"column":58}}]},"11":{"line":29,"type":"if","locations":[{"start":{"line":29,"column":2},"end":{"line":29,"column":2}},{"start":{"line":29,"column":2},"end":{"line":29,"column":2}}]},"12":{"line":39,"type":"if","locations":[{"start":{"line":39,"column":2},"end":{"line":39,"column":2}},{"start":{"line":39,"column":2},"end":{"line":39,"column":2}}]},"13":{"line":44,"type":"if","locations":[{"start":{"line":44,"column":5},"end":{"line":44,"column":5}},{"start":{"line":44,"column":5},"end":{"line":44,"column":5}}]},"14":{"line":46,"type":"binary-expr","locations":[{"start":{"line":46,"column":41},"end":{"line":46,"column":68}},{"start":{"line":46,"column":70},"end":{"line":46,"column":73}}]},"15":{"line":56,"type":"if","locations":[{"start":{"line":56,"column":2},"end":{"line":56,"column":2}},{"start":{"line":56,"column":2},"end":{"line":56,"column":2}}]},"16":{"line":59,"type":"if","locations":[{"start":{"line":59,"column":2},"end":{"line":59,"column":2}},{"start":{"line":59,"column":2},"end":{"line":59,"column":2}}]},"17":{"line":65,"type":"if","locations":[{"start":{"line":65,"column":3},"end":{"line":65,"column":3}},{"start":{"line":65,"column":3},"end":{"line":65,"column":3}}]},"18":{"line":68,"type":"if","locations":[{"start":{"line":68,"column":5},"end":{"line":68,"column":5}},{"start":{"line":68,"column":5},"end":{"line":68,"column":5}}]},"19":{"line":80,"type":"if","locations":[{"start":{"line":80,"column":2},"end":{"line":80,"column":2}},{"start":{"line":80,"column":2},"end":{"line":80,"column":2}}]},"20":{"line":82,"type":"if","locations":[{"start":{"line":82,"column":4},"end":{"line":82,"column":4}},{"start":{"line":82,"column":4},"end":{"line":82,"column":4}}]},"21":{"line":100,"type":"if","locations":[{"start":{"line":100,"column":2},"end":{"line":100,"column":2}},{"start":{"line":100,"column":2},"end":{"line":100,"column":2}}]},"22":{"line":108,"type":"if","locations":[{"start":{"line":108,"column":2},"end":{"line":108,"column":2}},{"start":{"line":108,"column":2},"end":{"line":108,"column":2}}]}}}}