{"C:\\Applic\\Server\\DBNode-4.0.0-beta-3\\htdocs\\__Projects\\utilities\\submodules\\xassist-object\\dist\\xAssist-object.js":{"path":"C:\\Applic\\Server\\DBNode-4.0.0-beta-3\\htdocs\\__Projects\\utilities\\submodules\\xassist-object\\dist\\xAssist-object.js","s":{"1":1,"2":1,"3":1,"4":9,"5":1,"6":13,"7":1,"8":13,"9":4,"10":9,"11":5,"12":4,"13":3,"14":1,"15":1,"16":1,"17":1,"18":1,"19":0,"20":0,"21":0,"22":0,"23":0,"24":0,"25":0,"26":0,"27":0,"28":0,"29":0,"30":0,"31":1,"32":3,"33":1,"34":2,"35":1,"36":1,"37":1,"38":3,"39":3,"40":2,"41":4,"42":3,"43":1,"44":1,"45":5,"46":1,"47":2,"48":1,"49":17,"50":13,"51":2,"52":1,"53":1,"54":4,"55":1,"56":1,"57":4,"58":1,"59":2,"60":1,"61":2,"62":8,"63":1,"64":2,"65":1,"66":2,"67":2,"68":8,"69":2,"70":9,"71":1,"72":1},"b":{"1":[1,0],"2":[1,1],"3":[0,0],"4":[0,0],"5":[0,0],"6":[4,9],"7":[5,4],"8":[3,1],"9":[1,0],"10":[1,1],"11":[0,0],"12":[0,0],"13":[0,0],"14":[1,2],"15":[1,1],"16":[2,1],"17":[3,1],"18":[1,1],"19":[13,4],"20":[1,1],"21":[1,1]},"f":{"1":1,"2":1,"3":9,"4":13,"5":13,"6":1,"7":0,"8":0,"9":3,"10":5,"11":2,"12":17,"13":1,"14":4,"15":1,"16":4,"17":2,"18":8,"19":2,"20":8},"fnMap":{"1":{"name":"(anonymous_1)","line":4,"loc":{"start":{"line":4,"column":1},"end":{"line":4,"column":28}}},"2":{"name":"(anonymous_2)","line":8,"loc":{"start":{"line":8,"column":9},"end":{"line":8,"column":28}}},"3":{"name":"object","line":10,"loc":{"start":{"line":10,"column":0},"end":{"line":10,"column":20}}},"4":{"name":"_getType","line":12,"loc":{"start":{"line":12,"column":1},"end":{"line":12,"column":25}}},"5":{"name":"_transformType","line":14,"loc":{"start":{"line":14,"column":3},"end":{"line":14,"column":38}}},"6":{"name":"onChange","line":25,"loc":{"start":{"line":25,"column":3},"end":{"line":25,"column":36}}},"7":{"name":"(anonymous_7)","line":41,"loc":{"start":{"line":41,"column":8},"end":{"line":41,"column":23}}},"8":{"name":"(anonymous_8)","line":49,"loc":{"start":{"line":49,"column":8},"end":{"line":49,"column":18}}},"9":{"name":"assign","line":54,"loc":{"start":{"line":54,"column":3},"end":{"line":54,"column":28}}},"10":{"name":"clone","line":75,"loc":{"start":{"line":75,"column":1},"end":{"line":75,"column":17}}},"11":{"name":"mergeUnique","line":76,"loc":{"start":{"line":76,"column":1},"end":{"line":76,"column":29}}},"12":{"name":"(anonymous_12)","line":80,"loc":{"start":{"line":80,"column":28},"end":{"line":80,"column":47}}},"13":{"name":"toArray","line":88,"loc":{"start":{"line":88,"column":1},"end":{"line":88,"column":19}}},"14":{"name":"(anonymous_14)","line":89,"loc":{"start":{"line":89,"column":30},"end":{"line":89,"column":53}}},"15":{"name":"toMapArray","line":93,"loc":{"start":{"line":93,"column":1},"end":{"line":93,"column":22}}},"16":{"name":"(anonymous_16)","line":94,"loc":{"start":{"line":94,"column":30},"end":{"line":94,"column":53}}},"17":{"name":"forEach","line":98,"loc":{"start":{"line":98,"column":1},"end":{"line":98,"column":29}}},"18":{"name":"(anonymous_18)","line":102,"loc":{"start":{"line":102,"column":34},"end":{"line":102,"column":57}}},"19":{"name":"map","line":106,"loc":{"start":{"line":106,"column":1},"end":{"line":106,"column":25}}},"20":{"name":"(anonymous_20)","line":111,"loc":{"start":{"line":111,"column":27},"end":{"line":111,"column":50}}}},"statementMap":{"1":{"start":{"line":4,"column":0},"end":{"line":132,"column":5}},"2":{"start":{"line":5,"column":1},"end":{"line":7,"column":42}},"3":{"start":{"line":10,"column":0},"end":{"line":126,"column":1}},"4":{"start":{"line":11,"column":1},"end":{"line":11,"column":20}},"5":{"start":{"line":12,"column":1},"end":{"line":14,"column":2}},"6":{"start":{"line":13,"column":2},"end":{"line":13,"column":22}},"7":{"start":{"line":14,"column":3},"end":{"line":25,"column":2}},"8":{"start":{"line":15,"column":2},"end":{"line":17,"column":3}},"9":{"start":{"line":16,"column":3},"end":{"line":16,"column":18}},"10":{"start":{"line":18,"column":2},"end":{"line":20,"column":3}},"11":{"start":{"line":19,"column":3},"end":{"line":19,"column":24}},"12":{"start":{"line":21,"column":2},"end":{"line":23,"column":3}},"13":{"start":{"line":22,"column":3},"end":{"line":22,"column":24}},"14":{"start":{"line":24,"column":2},"end":{"line":24,"column":15}},"15":{"start":{"line":25,"column":3},"end":{"line":54,"column":2}},"16":{"start":{"line":26,"column":2},"end":{"line":26,"column":21}},"17":{"start":{"line":26,"column":23},"end":{"line":28,"column":3}},"18":{"start":{"line":27,"column":3},"end":{"line":27,"column":60}},"19":{"start":{"line":29,"column":2},"end":{"line":36,"column":3}},"20":{"start":{"line":30,"column":3},"end":{"line":34,"column":5}},"21":{"start":{"line":35,"column":3},"end":{"line":35,"column":17}},"22":{"start":{"line":37,"column":2},"end":{"line":37,"column":37}},"23":{"start":{"line":38,"column":2},"end":{"line":38,"column":41}},"24":{"start":{"line":39,"column":2},"end":{"line":53,"column":3}},"25":{"start":{"line":40,"column":3},"end":{"line":52,"column":6}},"26":{"start":{"line":42,"column":5},"end":{"line":42,"column":48}},"27":{"start":{"line":43,"column":5},"end":{"line":43,"column":41}},"28":{"start":{"line":44,"column":5},"end":{"line":46,"column":6}},"29":{"start":{"line":45,"column":6},"end":{"line":45,"column":100}},"30":{"start":{"line":50,"column":5},"end":{"line":50,"column":42}},"31":{"start":{"line":54,"column":3},"end":{"line":74,"column":2}},"32":{"start":{"line":55,"column":2},"end":{"line":57,"column":3}},"33":{"start":{"line":56,"column":3},"end":{"line":56,"column":88}},"34":{"start":{"line":58,"column":2},"end":{"line":60,"column":3}},"35":{"start":{"line":59,"column":3},"end":{"line":59,"column":69}},"36":{"start":{"line":61,"column":2},"end":{"line":61,"column":23}},"37":{"start":{"line":62,"column":2},"end":{"line":72,"column":3}},"38":{"start":{"line":63,"column":3},"end":{"line":63,"column":37}},"39":{"start":{"line":64,"column":3},"end":{"line":71,"column":4}},"40":{"start":{"line":65,"column":4},"end":{"line":70,"column":5}},"41":{"start":{"line":67,"column":5},"end":{"line":69,"column":6}},"42":{"start":{"line":68,"column":6},"end":{"line":68,"column":40}},"43":{"start":{"line":73,"column":2},"end":{"line":73,"column":12}},"44":{"start":{"line":75,"column":1},"end":{"line":75,"column":60}},"45":{"start":{"line":75,"column":18},"end":{"line":75,"column":59}},"46":{"start":{"line":76,"column":1},"end":{"line":87,"column":2}},"47":{"start":{"line":79,"column":2},"end":{"line":85,"column":3}},"48":{"start":{"line":80,"column":3},"end":{"line":84,"column":6}},"49":{"start":{"line":81,"column":4},"end":{"line":83,"column":5}},"50":{"start":{"line":82,"column":5},"end":{"line":82,"column":81}},"51":{"start":{"line":86,"column":2},"end":{"line":86,"column":13}},"52":{"start":{"line":88,"column":1},"end":{"line":92,"column":2}},"53":{"start":{"line":89,"column":2},"end":{"line":91,"column":5}},"54":{"start":{"line":90,"column":3},"end":{"line":90,"column":29}},"55":{"start":{"line":93,"column":1},"end":{"line":97,"column":2}},"56":{"start":{"line":94,"column":2},"end":{"line":96,"column":5}},"57":{"start":{"line":95,"column":3},"end":{"line":95,"column":45}},"58":{"start":{"line":98,"column":1},"end":{"line":105,"column":2}},"59":{"start":{"line":99,"column":2},"end":{"line":101,"column":3}},"60":{"start":{"line":100,"column":3},"end":{"line":100,"column":15}},"61":{"start":{"line":102,"column":2},"end":{"line":104,"column":13}},"62":{"start":{"line":103,"column":3},"end":{"line":103,"column":60}},"63":{"start":{"line":106,"column":1},"end":{"line":115,"column":2}},"64":{"start":{"line":107,"column":2},"end":{"line":109,"column":3}},"65":{"start":{"line":108,"column":3},"end":{"line":108,"column":15}},"66":{"start":{"line":110,"column":2},"end":{"line":110,"column":19}},"67":{"start":{"line":111,"column":2},"end":{"line":113,"column":13}},"68":{"start":{"line":112,"column":3},"end":{"line":112,"column":85}},"69":{"start":{"line":114,"column":2},"end":{"line":114,"column":19}},"70":{"start":{"line":116,"column":1},"end":{"line":125,"column":2}},"71":{"start":{"line":128,"column":0},"end":{"line":128,"column":24}},"72":{"start":{"line":130,"column":0},"end":{"line":130,"column":62}}},"branchMap":{"1":{"line":5,"type":"cond-expr","locations":[{"start":{"line":5,"column":64},"end":{"line":5,"column":80}},{"start":{"line":6,"column":1},"end":{"line":7,"column":41}}]},"2":{"line":5,"type":"binary-expr","locations":[{"start":{"line":5,"column":1},"end":{"line":5,"column":28}},{"start":{"line":5,"column":32},"end":{"line":5,"column":61}}]},"3":{"line":6,"type":"cond-expr","locations":[{"start":{"line":6,"column":46},"end":{"line":6,"column":74}},{"start":{"line":7,"column":2},"end":{"line":7,"column":40}}]},"4":{"line":6,"type":"binary-expr","locations":[{"start":{"line":6,"column":1},"end":{"line":6,"column":29}},{"start":{"line":6,"column":33},"end":{"line":6,"column":43}}]},"5":{"line":7,"type":"binary-expr","locations":[{"start":{"line":7,"column":23},"end":{"line":7,"column":32}},{"start":{"line":7,"column":36},"end":{"line":7,"column":38}}]},"6":{"line":15,"type":"if","locations":[{"start":{"line":15,"column":2},"end":{"line":15,"column":2}},{"start":{"line":15,"column":2},"end":{"line":15,"column":2}}]},"7":{"line":18,"type":"if","locations":[{"start":{"line":18,"column":2},"end":{"line":18,"column":2}},{"start":{"line":18,"column":2},"end":{"line":18,"column":2}}]},"8":{"line":21,"type":"if","locations":[{"start":{"line":21,"column":2},"end":{"line":21,"column":2}},{"start":{"line":21,"column":2},"end":{"line":21,"column":2}}]},"9":{"line":26,"type":"if","locations":[{"start":{"line":26,"column":23},"end":{"line":26,"column":23}},{"start":{"line":26,"column":23},"end":{"line":26,"column":23}}]},"10":{"line":26,"type":"binary-expr","locations":[{"start":{"line":26,"column":26},"end":{"line":26,"column":30}},{"start":{"line":26,"column":34},"end":{"line":26,"column":58}}]},"11":{"line":29,"type":"if","locations":[{"start":{"line":29,"column":2},"end":{"line":29,"column":2}},{"start":{"line":29,"column":2},"end":{"line":29,"column":2}}]},"12":{"line":39,"type":"if","locations":[{"start":{"line":39,"column":2},"end":{"line":39,"column":2}},{"start":{"line":39,"column":2},"end":{"line":39,"column":2}}]},"13":{"line":45,"type":"binary-expr","locations":[{"start":{"line":45,"column":40},"end":{"line":45,"column":67}},{"start":{"line":45,"column":69},"end":{"line":45,"column":72}}]},"14":{"line":55,"type":"if","locations":[{"start":{"line":55,"column":2},"end":{"line":55,"column":2}},{"start":{"line":55,"column":2},"end":{"line":55,"column":2}}]},"15":{"line":58,"type":"if","locations":[{"start":{"line":58,"column":2},"end":{"line":58,"column":2}},{"start":{"line":58,"column":2},"end":{"line":58,"column":2}}]},"16":{"line":64,"type":"if","locations":[{"start":{"line":64,"column":3},"end":{"line":64,"column":3}},{"start":{"line":64,"column":3},"end":{"line":64,"column":3}}]},"17":{"line":67,"type":"if","locations":[{"start":{"line":67,"column":5},"end":{"line":67,"column":5}},{"start":{"line":67,"column":5},"end":{"line":67,"column":5}}]},"18":{"line":79,"type":"if","locations":[{"start":{"line":79,"column":2},"end":{"line":79,"column":2}},{"start":{"line":79,"column":2},"end":{"line":79,"column":2}}]},"19":{"line":81,"type":"if","locations":[{"start":{"line":81,"column":4},"end":{"line":81,"column":4}},{"start":{"line":81,"column":4},"end":{"line":81,"column":4}}]},"20":{"line":99,"type":"if","locations":[{"start":{"line":99,"column":2},"end":{"line":99,"column":2}},{"start":{"line":99,"column":2},"end":{"line":99,"column":2}}]},"21":{"line":107,"type":"if","locations":[{"start":{"line":107,"column":2},"end":{"line":107,"column":2}},{"start":{"line":107,"column":2},"end":{"line":107,"column":2}}]}}}}