TN:
SF:C:\Applic\Server\DBNode-4.0.0-beta-3\htdocs\__Projects\utilities\submodules\xassist-object\dist\xAssist-object.js
FN:4,(anonymous_1)
FN:8,(anonymous_2)
FN:10,object
FN:11,_getType
FN:13,_transformType
FN:24,onChange
FN:34,(anonymous_7)
FN:39,(anonymous_8)
FN:44,assign
FN:65,clone
FN:66,mergeUnique
FN:70,(anonymous_12)
FN:78,toArray
FN:79,(anonymous_14)
FN:83,toMapArray
FN:84,(anonymous_16)
FN:88,forEach
FN:92,(anonymous_18)
FN:96,map
FN:101,(anonymous_20)
FNF:20
FNH:18
FNDA:1,(anonymous_1)
FNDA:1,(anonymous_2)
FNDA:9,object
FNDA:13,_getType
FNDA:13,_transformType
FNDA:1,onChange
FNDA:0,(anonymous_7)
FNDA:0,(anonymous_8)
FNDA:3,assign
FNDA:5,clone
FNDA:2,mergeUnique
FNDA:17,(anonymous_12)
FNDA:1,toArray
FNDA:4,(anonymous_14)
FNDA:1,toMapArray
FNDA:4,(anonymous_16)
FNDA:2,forEach
FNDA:8,(anonymous_18)
FNDA:2,map
FNDA:8,(anonymous_20)
DA:4,1
DA:5,1
DA:10,1
DA:11,1
DA:12,13
DA:13,1
DA:14,13
DA:15,4
DA:17,9
DA:18,5
DA:20,4
DA:21,3
DA:23,1
DA:24,1
DA:25,1
DA:26,1
DA:27,1
DA:29,0
DA:30,0
DA:32,0
DA:33,0
DA:35,0
DA:36,0
DA:37,0
DA:40,0
DA:44,1
DA:45,3
DA:46,1
DA:48,2
DA:49,1
DA:51,1
DA:52,1
DA:53,3
DA:54,3
DA:55,2
DA:57,4
DA:58,3
DA:63,1
DA:65,5
DA:66,1
DA:69,2
DA:70,1
DA:71,17
DA:72,13
DA:76,2
DA:78,1
DA:79,1
DA:80,4
DA:83,1
DA:84,1
DA:85,4
DA:88,1
DA:89,2
DA:90,1
DA:92,2
DA:93,8
DA:96,1
DA:97,2
DA:98,1
DA:100,2
DA:101,2
DA:102,8
DA:104,2
DA:106,9
DA:118,1
DA:120,1
LF:66
LH:58
BRDA:5,1,0,1
BRDA:5,1,1,0
BRDA:5,2,0,1
BRDA:5,2,1,1
BRDA:6,3,0,0
BRDA:6,3,1,0
BRDA:6,4,0,0
BRDA:6,4,1,0
BRDA:7,5,0,0
BRDA:7,5,1,0
BRDA:14,6,0,4
BRDA:14,6,1,9
BRDA:17,7,0,5
BRDA:17,7,1,4
BRDA:20,8,0,3
BRDA:20,8,1,1
BRDA:26,9,0,1
BRDA:26,9,1,0
BRDA:26,10,0,1
BRDA:26,10,1,1
BRDA:29,11,0,0
BRDA:29,11,1,0
BRDA:45,12,0,1
BRDA:45,12,1,2
BRDA:48,13,0,1
BRDA:48,13,1,1
BRDA:54,14,0,2
BRDA:54,14,1,1
BRDA:57,15,0,3
BRDA:57,15,1,1
BRDA:69,16,0,1
BRDA:69,16,1,1
BRDA:71,17,0,13
BRDA:71,17,1,4
BRDA:89,18,0,1
BRDA:89,18,1,1
BRDA:97,19,0,1
BRDA:97,19,1,1
BRF:38
BRH:28
end_of_record
