TN:
SF:C:\Applic\Server\DBNode-4.0.0-beta-3\htdocs\__Projects\xassist\submodules\xassist-object\dist\xAssist-object.js
FN:7,(anonymous_1)
FN:11,(anonymous_2)
FN:13,object
FN:16,XaObject
FN:23,_getType
FN:26,_transformType
FN:38,(anonymous_7)
FN:53,(anonymous_8)
FN:60,(anonymous_9)
FN:66,(anonymous_10)
FN:87,(anonymous_11)
FN:90,(anonymous_12)
FN:95,(anonymous_13)
FN:103,(anonymous_14)
FN:105,(anonymous_15)
FN:109,(anonymous_16)
FN:111,(anonymous_17)
FN:115,(anonymous_18)
FN:120,(anonymous_19)
FN:124,(anonymous_20)
FN:130,(anonymous_21)
FNF:21
FNH:21
FNDA:1,(anonymous_1)
FNDA:1,(anonymous_2)
FNDA:10,object
FNDA:10,XaObject
FNDA:13,_getType
FNDA:13,_transformType
FNDA:3,(anonymous_7)
FNDA:3,(anonymous_8)
FNDA:1,(anonymous_9)
FNDA:3,(anonymous_10)
FNDA:5,(anonymous_11)
FNDA:2,(anonymous_12)
FNDA:17,(anonymous_13)
FNDA:1,(anonymous_14)
FNDA:4,(anonymous_15)
FNDA:1,(anonymous_16)
FNDA:4,(anonymous_17)
FNDA:2,(anonymous_18)
FNDA:8,(anonymous_19)
FNDA:2,(anonymous_20)
FNDA:8,(anonymous_21)
DA:7,1
DA:8,1
DA:13,1
DA:14,10
DA:16,1
DA:17,10
DA:18,10
DA:19,10
DA:21,1
DA:22,1
DA:23,1
DA:24,13
DA:26,1
DA:27,13
DA:28,4
DA:30,9
DA:31,5
DA:33,4
DA:34,3
DA:36,1
DA:38,1
DA:40,3
DA:42,3
DA:43,1
DA:45,2
DA:46,1
DA:47,1
DA:48,1
DA:50,2
DA:51,2
DA:52,1
DA:54,3
DA:55,3
DA:56,3
DA:57,2
DA:61,1
DA:66,1
DA:67,3
DA:68,1
DA:70,2
DA:71,1
DA:73,1
DA:74,1
DA:75,3
DA:76,3
DA:77,2
DA:79,4
DA:80,3
DA:85,1
DA:87,1
DA:88,5
DA:90,1
DA:91,2
DA:94,2
DA:95,1
DA:96,17
DA:97,13
DA:101,2
DA:103,1
DA:104,1
DA:105,1
DA:106,4
DA:109,1
DA:110,1
DA:111,1
DA:112,4
DA:115,1
DA:116,2
DA:117,2
DA:118,1
DA:120,2
DA:121,8
DA:124,1
DA:125,2
DA:126,2
DA:127,1
DA:129,2
DA:130,2
DA:131,8
DA:133,2
DA:136,1
DA:138,1
LF:82
LH:82
BRDA:8,1,0,1
BRDA:8,1,1,0
BRDA:8,2,0,1
BRDA:8,2,1,1
BRDA:9,3,0,0
BRDA:9,3,1,0
BRDA:9,4,0,0
BRDA:9,4,1,0
BRDA:10,5,0,0
BRDA:10,5,1,0
BRDA:27,6,0,4
BRDA:27,6,1,9
BRDA:30,7,0,5
BRDA:30,7,1,4
BRDA:33,8,0,3
BRDA:33,8,1,1
BRDA:42,9,0,1
BRDA:42,9,1,2
BRDA:42,10,0,3
BRDA:42,10,1,3
BRDA:45,11,0,1
BRDA:45,11,1,1
BRDA:51,12,0,1
BRDA:51,12,1,1
BRDA:56,13,0,2
BRDA:56,13,1,1
BRDA:67,14,0,1
BRDA:67,14,1,2
BRDA:70,15,0,1
BRDA:70,15,1,1
BRDA:76,16,0,2
BRDA:76,16,1,1
BRDA:79,17,0,3
BRDA:79,17,1,1
BRDA:94,18,0,1
BRDA:94,18,1,1
BRDA:96,19,0,13
BRDA:96,19,1,4
BRDA:117,20,0,1
BRDA:117,20,1,1
BRDA:126,21,0,1
BRDA:126,21,1,1
BRF:42
BRH:35
end_of_record
